<?xml version="1.0" encoding="UTF-8"?>
<!-- Generated by org.testng.reporters.JUnitReportReporter -->
<testsuite hostname="Naresh" name="com.TestSuite.SingleMemApp" tests="1" failures="0" timestamp="17 Mar 2016 15:00:35 GMT" time="524.827" errors="0">
  <testcase name="testcase1" time="524.827" classname="com.TestSuite.SingleMemApp"/>
</testsuite> <!-- com.TestSuite.SingleMemApp -->
