<?xml version="1.0" encoding="UTF-8"?>
<!-- Generated by org.testng.reporters.JUnitReportReporter -->
<testsuite hostname="Naresh" name="com.TestSuite.CoupleVtDaughter" tests="1" failures="0" timestamp="4 Mar 2016 17:49:40 GMT" time="783.691" errors="0">
  <testcase name="testcase1" time="783.691" classname="com.TestSuite.CoupleVtDaughter"/>
</testsuite> <!-- com.TestSuite.CoupleVtDaughter -->
