<?xml version="1.0" encoding="UTF-8"?>
<!-- Generated by org.testng.reporters.JUnitReportReporter -->
<testsuite hostname="Naresh" name="com.TestSuite.FatherVtChild" tests="1" failures="0" timestamp="4 Mar 2016 17:34:45 GMT" time="532.208" errors="0">
  <testcase name="testcase1" time="532.208" classname="com.TestSuite.FatherVtChild"/>
</testsuite> <!-- com.TestSuite.FatherVtChild -->
